{
  "RSpec": {
    "coverage": {
      "/home/joyvis/projects/testes_empregos/doctor_register_api/app/channels/application_cable/channel.rb": [
        null,
        null,
        1,
        1,
        null,
        null
      ],
      "/home/joyvis/projects/testes_empregos/doctor_register_api/app/channels/application_cable/connection.rb": [
        null,
        null,
        1,
        1,
        null,
        null
      ],
      "/home/joyvis/projects/testes_empregos/doctor_register_api/app/controllers/application_controller.rb": [
        null,
        null,
        1,
        1,
        0,
        null,
        null,
        1,
        0,
        null,
        null,
        1,
        null,
        1,
        0,
        0,
        null,
        0,
        null,
        null,
        1,
        0,
        0,
        null,
        null
      ],
      "/home/joyvis/projects/testes_empregos/doctor_register_api/app/controllers/doctors_controller.rb": [
        null,
        null,
        1,
        1,
        0,
        0,
        null,
        null,
        1,
        0,
        0,
        null,
        null,
        1,
        0,
        0,
        0,
        null,
        0,
        null,
        null,
        null,
        1,
        0,
        0,
        0,
        null,
        0,
        null,
        null,
        null,
        1,
        0,
        0,
        null,
        0,
        null,
        null,
        1,
        null,
        1,
        null,
        0,
        null,
        null,
        null
      ],
      "/home/joyvis/projects/testes_empregos/doctor_register_api/app/jobs/application_job.rb": [
        null,
        null,
        1,
        null
      ],
      "/home/joyvis/projects/testes_empregos/doctor_register_api/app/mailers/application_mailer.rb": [
        null,
        null,
        1,
        1,
        1,
        null
      ],
      "/home/joyvis/projects/testes_empregos/doctor_register_api/app/models/application_record.rb": [
        null,
        null,
        1,
        1,
        null
      ],
      "/home/joyvis/projects/testes_empregos/doctor_register_api/app/models/doctor.rb": [
        null,
        null,
        1,
        1,
        1,
        null,
        1,
        1,
        1,
        1,
        null,
        1,
        null,
        1,
        0,
        0,
        null,
        null,
        1,
        0,
        0,
        0,
        null,
        null
      ],
      "/home/joyvis/projects/testes_empregos/doctor_register_api/app/serializers/doctor_serializer.rb": [
        null,
        null,
        1,
        1,
        1,
        1,
        null
      ]
    },
    "timestamp": 1556622911
  }
}
