{
  "RSpec": {
    "coverage": {
      "/doctor_register_api/app/channels/application_cable/channel.rb": [
        null,
        null,
        1,
        1,
        null,
        null
      ],
      "/doctor_register_api/app/channels/application_cable/connection.rb": [
        null,
        null,
        1,
        1,
        null,
        null
      ],
      "/doctor_register_api/app/controllers/application_controller.rb": [
        null,
        null,
        1,
        1,
        10,
        null,
        null,
        1,
        2,
        null,
        null,
        1,
        null,
        1,
        12,
        11,
        null,
        1,
        null,
        null,
        1,
        12,
        12,
        null,
        null
      ],
      "/doctor_register_api/app/controllers/doctors_controller.rb": [
        null,
        null,
        1,
        1,
        2,
        2,
        null,
        null,
        1,
        2,
        2,
        null,
        null,
        1,
        2,
        2,
        1,
        null,
        1,
        null,
        null,
        null,
        1,
        3,
        3,
        2,
        null,
        1,
        null,
        null,
        null,
        1,
        1,
        1,
        null,
        1,
        null,
        null,
        1,
        null,
        1,
        null,
        5,
        null,
        null,
        null
      ],
      "/doctor_register_api/app/jobs/application_job.rb": [
        null,
        null,
        1,
        null
      ],
      "/doctor_register_api/app/mailers/application_mailer.rb": [
        null,
        null,
        1,
        1,
        1,
        null
      ],
      "/doctor_register_api/app/models/application_record.rb": [
        null,
        null,
        1,
        1,
        null
      ],
      "/doctor_register_api/app/models/doctor.rb": [
        null,
        null,
        1,
        1,
        1,
        null,
        1,
        1,
        1,
        1,
        1,
        null,
        1,
        null,
        1,
        24,
        24,
        null,
        null,
        1,
        24,
        24,
        24,
        null,
        null
      ],
      "/doctor_register_api/app/serializers/doctor_serializer.rb": [
        null,
        null,
        1,
        1,
        1,
        1,
        null
      ]
    },
    "timestamp": 1557449666
  }
}
